app/build/outputs/mapping/release/seeds.txt
com.unswipe.android.ui.MainActivity_GeneratedInjector
com.unswipe.android.DaggerUnswipeApp_HiltComponents_SingletonC$ViewCImpl
com.unswipe.android.ui.MainActivity
com.unswipe.android.DaggerUnswipeApp_HiltComponents_SingletonC$SingletonCImpl
com.unswipe.android.UnswipeApp_HiltComponents$ActivityRetainedC
com.unswipe.android.data.local.AppDatabase
com.unswipe.android.DaggerUnswipeApp_HiltComponents_SingletonC$ViewModelCImpl
com.unswipe.android.data.local.AppDatabase_Impl
com.unswipe.android.UnswipeApp_HiltComponents$ViewC
com.unswipe.android.DaggerUnswipeApp_HiltComponents_SingletonC$ActivityRetainedCImpl
com.unswipe.android.data.services.SwipeAccessibilityService_GeneratedInjector
com.unswipe.android.DaggerUnswipeApp_HiltComponents_SingletonC$FragmentCImpl
com.unswipe.android.data.receivers.UnlockReceiver_GeneratedInjector
com.unswipe.android.UnswipeApp_HiltComponents$ActivityC
com.unswipe.android.UnswipeApp_HiltComponents$ViewModelC
com.unswipe.android.UnswipeApp
com.unswipe.android.UnswipeApp_GeneratedInjector
com.unswipe.android.DaggerUnswipeApp_HiltComponents_SingletonC$ViewWithFragmentCImpl
com.unswipe.android.data.receivers.UnlockReceiver
com.unswipe.android.UnswipeApp_HiltComponents$FragmentC
com.unswipe.android.DaggerUnswipeApp_HiltComponents_SingletonC$ActivityCImpl
com.unswipe.android.data.services.SwipeAccessibilityService
com.unswipe.android.data.model.UsageEvent
com.unswipe.android.UnswipeApp_HiltComponents$ViewWithFragmentC
com.unswipe.android.data.local.dao.UsageDao
com.unswipe.android.ui.confirmation.ConfirmationActivity_GeneratedInjector
com.unswipe.android.data.services.SmartNudgeWorker
com.unswipe.android.ui.confirmation.ConfirmationActivity
com.unswipe.android.UnswipeApp_HiltComponents$ServiceC
com.unswipe.android.UnswipeApp_HiltComponents$SingletonC
com.unswipe.android.data.workers.UsageTrackingWorker
com.unswipe.android.data.model.DailyUsageSummary
com.unswipe.android.DaggerUnswipeApp_HiltComponents_SingletonC$ServiceCImpl
com.unswipe.android.data.model.DailyUsageSummary: int swipeCount
com.unswipe.android.data.model.DailyUsageSummary: long totalScreenTimeMillis
com.unswipe.android.data.model.UsageEvent: long id
com.unswipe.android.data.model.DailyUsageSummary: int unlockCount
com.unswipe.android.data.model.UsageEvent: java.lang.String additionalData
com.unswipe.android.data.model.DailyUsageSummary: int $stable
com.unswipe.android.data.model.UsageEvent: int $stable
com.unswipe.android.data.model.DailyUsageSummary: long dateMillis
com.unswipe.android.data.model.UsageEvent: long timestamp
com.unswipe.android.data.model.UsageEvent: java.lang.String packageName
com.unswipe.android.data.model.UsageEvent: java.lang.String eventType
com.unswipe.android.data.local.AppDatabase_Impl: AppDatabase_Impl()
com.unswipe.android.data.model.UsageEvent: long component1()
com.unswipe.android.data.local.dao.UsageDao: java.lang.Object deleteOldUsageEvents(long,kotlin.coroutines.Continuation)
com.unswipe.android.data.model.DailyUsageSummary: com.unswipe.android.data.model.DailyUsageSummary copy$default(com.unswipe.android.data.model.DailyUsageSummary,long,long,int,int,int,java.lang.Object)
com.unswipe.android.UnswipeApp_HiltComponents$ViewWithFragmentC: UnswipeApp_HiltComponents$ViewWithFragmentC()
com.unswipe.android.data.local.dao.UsageDao: java.lang.Object getEventCountSince(long,java.lang.String,kotlin.coroutines.Continuation)
com.unswipe.android.data.model.UsageEvent: java.lang.String getPackageName()
com.unswipe.android.UnswipeApp_HiltComponents$ViewModelC: UnswipeApp_HiltComponents$ViewModelC()
com.unswipe.android.data.local.dao.UsageDao: kotlinx.coroutines.flow.Flow getUsageEventsForPeriodFlow(long,long)
com.unswipe.android.data.model.UsageEvent: int hashCode()
com.unswipe.android.data.model.UsageEvent: java.lang.String getAdditionalData()
com.unswipe.android.data.local.AppDatabase: AppDatabase()
...
com.google.android.gms.internal.firebase-auth-api.zzfp: com.google.android.gms.internal.firebase-auth-api.zzoe zza
com.google.android.gms.internal.firebase-auth-api.zzadk: java.lang.String zzu
com.google.android.gms.internal.firebase-auth-api.zzxc: com.google.android.gms.internal.firebase-auth-api.zzalw zzd
com.google.android.gms.internal.firebase-auth-api.zzagt: java.lang.String zzb
com.google.android.gms.common.internal.BaseGmsClient: int zzf
com.google.android.gms.internal.firebase-auth-api.zzvb: com.google.android.gms.internal.firebase-auth-api.zzvh zzg
kotlinx.coroutines.JobSupportKt: int FALSE
kotlinx.coroutines.internal.LimitedDispatcher: int parallelism
kotlinx.coroutines.flow.FlowKt__ZipKt$combineTransform$$inlined$combineTransformUnsafe$FlowKt__ZipKt$5$1: java.lang.Object L$0
com.google.android.recaptcha.internal.zzro: com.google.android.recaptcha.internal.zzqt zzg
com.google.android.gms.internal.auth.zzcd: com.google.android.gms.internal.auth.zzdj zzb
com.google.android.gms.internal.auth.zzby: com.google.android.gms.internal.auth.zzby zzd
kotlinx.coroutines.flow.CancellableFlowImpl$collect$2: kotlinx.coroutines.flow.FlowCollector $collector
com.google.android.gms.internal.firebase-auth-api.zzup: int[] zza
com.google.android.recaptcha.internal.zziz: com.google.android.recaptcha.internal.zzja zzc
com.google.android.gms.internal.auth.zzgj: java.lang.Class zza
com.google.android.gms.internal.firebase-auth-api.zzcx$zza: java.lang.Integer zzd
com.google.android.gms.internal.firebase-auth-api.zzep$zza: java.lang.String zzc
com.google.android.recaptcha.internal.zzlu: com.google.android.recaptcha.internal.zznh zza
com.google.android.gms.internal.firebase-auth-api.zzpb: com.google.android.gms.internal.firebase-auth-api.zzpa zza
com.google.android.recaptcha.internal.zzmu: com.google.android.recaptcha.internal.zzmu zzK
com.google.android.gms.internal.firebase-auth-api.zzeg$zza: com.google.android.gms.internal.firebase-auth-api.zzeg$zza zzb
kotlinx.coroutines.channels.BroadcastChannelImpl$send$1: java.lang.Object L$1
com.google.android.recaptcha.internal.zztv: com.google.android.recaptcha.internal.zztv[] zzl
com.google.android.gms.internal.fido.zzdb: byte[] zzb
com.google.android.gms.internal.location.zzbo: int zzb
com.google.android.gms.internal.firebase-auth-api.zzvn: com.google.android.gms.internal.firebase-auth-api.zzvn[] zzf
com.google.android.material.bottomsheet.BottomSheetBehavior$SavedState: android.os.Parcelable$Creator CREATOR
kotlinx.coroutines.tasks.DirectExecutor: kotlinx.coroutines.tasks.DirectExecutor INSTANCE
kotlinx.coroutines.flow.internal.UndispatchedContextCollector$emitRef$1: int label
kotlinx.coroutines.scheduling.ExperimentalCoroutineDispatcher: int maxPoolSize
kotlinx.coroutines.flow.FlowKt__ZipKt$combineTransform$$inlined$combineTransformUnsafe$FlowKt__ZipKt$2: kotlin.jvm.functions.Function4 $transform$inlined
kotlinx.coroutines.flow.StartedLazily$command$1: java.lang.Object L$0
kotlinx.coroutines.channels.Channel$Factory: int BUFFERED
kotlinx.coroutines.channels.BroadcastChannelImpl$send$1: java.lang.Object L$2
com.google.android.recaptcha.internal.zzcy: int zzc
com.google.android.gms.internal.firebase-auth-api.zzvp: com.google.android.gms.internal.firebase-auth-api.zzvp zzc
kotlinx.coroutines.DispatchedTaskKt: int MODE_CANCELLABLE
com.google.android.play.core.integrity.s: com.google.android.play.integrity.internal.an e
com.google.android.recaptcha.internal.zzpj: com.google.android.recaptcha.internal.zzoq zzd
kotlinx.coroutines.sync.SemaphoreKt: kotlinx.coroutines.internal.Symbol TAKEN
com.google.android.recaptcha.internal.zzfy: kotlin.jvm.functions.Function2 zza
kotlinx.coroutines.sync.MutexImpl$SelectInstanceWithOwner: kotlinx.coroutines.selects.SelectInstanceInternal select
com.google.android.gms.internal.firebase-auth-api.zzms: java.math.BigInteger zzd
kotlinx.coroutines.DisposableFutureHandle: java.util.concurrent.Future future